\BOOKMARK [0][-]{chapter.1}{\376\377\000I\000n\000t\000r\000o\000d\000u\000c\000t\000i\000o\000n}{}% 1
\BOOKMARK [1][-]{section.1.1}{\376\377\000B\000a\000c\000k\000g\000r\000o\000u\000n\000d}{chapter.1}% 2
\BOOKMARK [1][-]{section.1.2}{\376\377\000M\000o\000t\000i\000v\000a\000t\000i\000o\000n}{chapter.1}% 3
\BOOKMARK [1][-]{section.1.3}{\376\377\000R\000e\000s\000e\000a\000r\000c\000h\000\040\000O\000b\000j\000e\000c\000t\000i\000v\000e\000s}{chapter.1}% 4
\BOOKMARK [1][-]{section.1.4}{\376\377\000C\000o\000n\000t\000r\000i\000b\000u\000t\000i\000o\000n\000s}{chapter.1}% 5
\BOOKMARK [1][-]{section.1.5}{\376\377\000A\000p\000p\000r\000o\000a\000c\000h\000\040\000a\000n\000d\000\040\000S\000c\000o\000p\000e}{chapter.1}% 6
\BOOKMARK [1][-]{section.1.6}{\376\377\000T\000h\000e\000s\000i\000s\000\040\000R\000o\000a\000d\000m\000a\000p}{chapter.1}% 7
\BOOKMARK [0][-]{chapter.2}{\376\377\000B\000a\000c\000k\000g\000r\000o\000u\000n\000d}{}% 8
\BOOKMARK [1][-]{section.2.1}{\376\377\000D\000e\000f\000i\000n\000i\000t\000i\000o\000n\000s\000\040\000a\000n\000d\000\040\000f\000r\000a\000m\000i\000n\000g}{chapter.2}% 9
\BOOKMARK [2][-]{subsection.2.1.1}{\376\377\000R\000e\000f\000a\000c\000t\000o\000r\000i\000n\000g\000\040\000a\000s\000\040\000b\000e\000h\000a\000v\000i\000o\000u\000r\000-\000p\000r\000e\000s\000e\000r\000v\000i\000n\000g\000\040\000t\000r\000a\000n\000s\000f\000o\000r\000m\000a\000t\000i\000o\000n}{section.2.1}% 10
\BOOKMARK [2][-]{subsection.2.1.2}{\376\377\000A\000t\000o\000m\000i\000c\000\040\000r\000e\000f\000a\000c\000t\000o\000r\000i\000n\000g\000s\000,\000\040\000s\000m\000e\000l\000l\000s\000,\000\040\000a\000n\000d\000\040\000s\000e\000q\000u\000e\000n\000c\000e\000s}{section.2.1}% 11
\BOOKMARK [2][-]{subsection.2.1.3}{\376\377\000R\000e\000p\000r\000e\000s\000e\000n\000t\000i\000n\000g\000\040\000r\000e\000f\000a\000c\000t\000o\000r\000i\000n\000g\000\040\000a\000s\000\040\000s\000t\000a\000t\000e\000s\000\040\000a\000n\000d\000\040\000a\000c\000t\000i\000o\000n\000s}{section.2.1}% 12
\BOOKMARK [1][-]{section.2.2}{\376\377\000O\000u\000t\000c\000o\000m\000e\000-\000b\000a\000s\000e\000d\000\040\000r\000e\000f\000a\000c\000t\000o\000r\000i\000n\000g\000\040\000e\000v\000a\000l\000u\000a\000t\000i\000o\000n}{chapter.2}% 13
\BOOKMARK [2][-]{subsection.2.2.1}{\376\377\000J\000u\000d\000g\000i\000n\000g\000\040\000r\000e\000f\000a\000c\000t\000o\000r\000i\000n\000g\000\040\000b\000y\000\040\000t\000h\000e\000\040\000f\000i\000n\000a\000l\000\040\000s\000t\000a\000t\000e}{section.2.2}% 14
\BOOKMARK [2][-]{subsection.2.2.2}{\376\377\000W\000h\000a\000t\000\040\000e\000n\000d\000p\000o\000i\000n\000t\000\040\000e\000v\000a\000l\000u\000a\000t\000i\000o\000n\000\040\000c\000a\000p\000t\000u\000r\000e\000s\000-\000a\000n\000d\000\040\000w\000h\000a\000t\000\040\000i\000t\000\040\000m\000i\000s\000s\000e\000s}{section.2.2}% 15
\BOOKMARK [1][-]{section.2.3}{\376\377\000C\000o\000d\000e\000\040\000s\000m\000e\000l\000l\000\040\000d\000e\000t\000e\000c\000t\000i\000o\000n\000\040\000a\000n\000d\000\040\000q\000u\000a\000l\000i\000t\000y\000\040\000m\000e\000t\000r\000i\000c\000s}{chapter.2}% 16
\BOOKMARK [2][-]{subsection.2.3.1}{\376\377\000U\000s\000i\000n\000g\000\040\000c\000o\000d\000e\000\040\000s\000m\000e\000l\000l\000s\000\040\000a\000s\000\040\000d\000e\000s\000i\000g\000n\000\040\000s\000i\000g\000n\000a\000l\000s}{section.2.3}% 17
\BOOKMARK [2][-]{subsection.2.3.2}{\376\377\000S\000t\000r\000u\000c\000t\000u\000r\000a\000l\000\040\000a\000n\000d\000\040\000r\000e\000a\000d\000a\000b\000i\000l\000i\000t\000y\000\040\000m\000e\000t\000r\000i\000c\000s}{section.2.3}% 18
\BOOKMARK [2][-]{subsection.2.3.3}{\376\377\000W\000h\000a\000t\000\040\000t\000h\000i\000s\000\040\000m\000e\000a\000n\000s\000\040\000f\000o\000r\000\040\000t\000h\000e\000\040\000p\000r\000o\000c\000e\000s\000s\000-\000q\000u\000a\000l\000i\000t\000y\000\040\000m\000e\000t\000r\000i\000c}{section.2.3}% 19
\BOOKMARK [1][-]{section.2.4}{\376\377\000R\000e\000f\000a\000c\000t\000o\000r\000i\000n\000g\000\040\000d\000e\000t\000e\000c\000t\000i\000o\000n\000\040\000a\000n\000d\000\040\000m\000i\000n\000i\000n\000g\000\040\000f\000r\000o\000m\000\040\000c\000o\000d\000e\000\040\000c\000h\000a\000n\000g\000e\000s}{chapter.2}% 20
\BOOKMARK [2][-]{subsection.2.4.1}{\376\377\000F\000r\000o\000m\000\040\000d\000i\000f\000f\000s\000\040\000t\000o\000\040\000r\000e\000f\000a\000c\000t\000o\000r\000i\000n\000g\000\040\000a\000c\000t\000i\000o\000n\000s}{section.2.4}% 21
\BOOKMARK [2][-]{subsection.2.4.2}{\376\377\000W\000h\000a\000t\000\040\000r\000e\000f\000a\000c\000t\000o\000r\000i\000n\000g\000\040\000d\000e\000t\000e\000c\000t\000o\000r\000s\000\040\000m\000i\000s\000s}{section.2.4}% 22
\BOOKMARK [2][-]{subsection.2.4.3}{\376\377\000T\000i\000e\000-\000i\000n\000\040\000t\000o\000\040\000o\000u\000r\000\040\000w\000o\000r\000k}{section.2.4}% 23
\BOOKMARK [1][-]{section.2.5}{\376\377\000R\000e\000f\000a\000c\000t\000o\000r\000i\000n\000g\000\040\000r\000e\000c\000o\000m\000m\000e\000n\000d\000a\000t\000i\000o\000n\000\040\000a\000n\000d\000\040\000s\000e\000a\000r\000c\000h\000/\000s\000y\000n\000t\000h\000e\000s\000i\000s}{chapter.2}% 24
\BOOKMARK [2][-]{subsection.2.5.1}{\376\377\000R\000e\000c\000o\000m\000m\000e\000n\000d\000a\000t\000i\000o\000n\000\040\000a\000n\000d\000\040\000s\000y\000n\000t\000h\000e\000s\000i\000s\000\040\000a\000s\000\040\000a\000\040\000c\000o\000n\000t\000r\000a\000s\000t}{section.2.5}% 25
\BOOKMARK [2][-]{subsection.2.5.2}{\376\377\000R\000e\000c\000e\000n\000t\000\040\000t\000r\000a\000j\000e\000c\000t\000o\000r\000y\000-\000f\000o\000r\000m\000a\000l\000i\000s\000m\000\040\000w\000o\000r\000k\000\040\000i\000n\000\040\000s\000o\000f\000t\000w\000a\000r\000e\000\040\000e\000n\000g\000i\000n\000e\000e\000r\000i\000n\000g}{section.2.5}% 26
\BOOKMARK [1][-]{section.2.6}{\376\377\000P\000r\000o\000c\000e\000s\000s\000-\000a\000w\000a\000r\000e\000\040\000w\000o\000r\000k\000\040\000a\000n\000d\000\040\000I\000D\000E\000\040\000t\000r\000a\000c\000e\000\040\000c\000a\000p\000t\000u\000r\000e}{chapter.2}% 27
\BOOKMARK [2][-]{subsection.2.6.1}{\376\377\000L\000o\000g\000g\000i\000n\000g\000\040\000d\000e\000v\000e\000l\000o\000p\000e\000r\000\040\000i\000n\000t\000e\000r\000a\000c\000t\000i\000o\000n\000s\000\040\000i\000n\000\040\000I\000D\000E\000s}{section.2.6}% 28
\BOOKMARK [2][-]{subsection.2.6.2}{\376\377\000G\000r\000a\000n\000u\000l\000a\000r\000i\000t\000y\000,\000\040\000s\000e\000g\000m\000e\000n\000t\000a\000t\000i\000o\000n\000,\000\040\000a\000n\000d\000\040\000s\000e\000m\000a\000n\000t\000i\000c\000\040\000i\000n\000t\000e\000r\000p\000r\000e\000t\000a\000t\000i\000o\000n}{section.2.6}% 29
\BOOKMARK [1][-]{section.2.7}{\376\377\000S\000u\000m\000m\000a\000r\000y\000\040\000a\000n\000d\000\040\000p\000o\000s\000i\000t\000i\000o\000n\000i\000n\000g\000:\000\040\000t\000o\000w\000a\000r\000d\000\040\000p\000r\000o\000c\000e\000s\000s\000-\000q\000u\000a\000l\000i\000t\000y\000\040\000e\000v\000a\000l\000u\000a\000t\000i\000o\000n}{chapter.2}% 30
\BOOKMARK [0][-]{chapter.3}{\376\377\000M\000e\000t\000h\000o\000d\000o\000l\000o\000g\000y}{}% 31
\BOOKMARK [1][-]{section.3.1}{\376\377\000F\000o\000r\000m\000a\000l\000\040\000d\000e\000f\000i\000n\000i\000t\000i\000o\000n\000s\000\040\000a\000n\000d\000\040\000n\000o\000t\000a\000t\000i\000o\000n}{chapter.3}% 32
\BOOKMARK [1][-]{section.3.2}{\376\377\000C\000o\000m\000p\000u\000t\000i\000n\000g\000\040\000t\000h\000e\000\040\000p\000r\000o\000c\000e\000s\000s\000\040\000s\000c\000o\000r\000e}{chapter.3}% 33
\BOOKMARK [2][-]{subsection.3.2.1}{\376\377\000T\000h\000e\000\040\000p\000r\000o\000c\000e\000s\000s\000\040\000s\000c\000o\000r\000e}{section.3.2}% 34
\BOOKMARK [2][-]{subsection.3.2.2}{\376\377\000P\000r\000o\000c\000e\000s\000s\000-\000s\000c\000o\000r\000e\000\040\000w\000e\000i\000g\000h\000t\000s}{section.3.2}% 35
\BOOKMARK [2][-]{subsection.3.2.3}{\376\377\000T\000h\000e\000\040\000c\000l\000e\000a\000n\000l\000i\000n\000e\000s\000s\000\040\000s\000u\000b\000-\000s\000c\000o\000r\000e}{section.3.2}% 36
\BOOKMARK [2][-]{subsection.3.2.4}{\376\377\000E\000v\000e\000n\000t\000\040\000c\000a\000p\000t\000u\000r\000e}{section.3.2}% 37
\BOOKMARK [2][-]{subsection.3.2.5}{\376\377\000S\000h\000a\000d\000o\000w\000\040\000r\000e\000p\000o\000\040\000r\000e\000c\000o\000n\000s\000t\000r\000u\000c\000t\000i\000o\000n\000\040\000a\000n\000d\000\040\000w\000o\000r\000k\000t\000r\000e\000e\000\040\000p\000o\000o\000l}{section.3.2}% 38
\BOOKMARK [2][-]{subsection.3.2.6}{\376\377\000M\000e\000t\000r\000i\000c\000s\000\040\000c\000a\000l\000c\000u\000l\000a\000t\000i\000o\000n}{section.3.2}% 39
\BOOKMARK [1][-]{section.3.3}{\376\377\000D\000i\000v\000e\000r\000g\000e\000n\000c\000e\000\040\000p\000o\000i\000n\000t\000s}{chapter.3}% 40
\BOOKMARK [2][-]{subsection.3.3.1}{\376\377\000A\000p\000p\000l\000y\000i\000n\000g\000\040\000r\000e\000f\000a\000c\000t\000o\000r\000i\000n\000g\000s\000\040\000v\000i\000a\000\040\000E\000c\000l\000i\000p\000s\000e\000\040\000J\000D\000T}{section.3.3}% 41
\BOOKMARK [2][-]{subsection.3.3.2}{\376\377\000O\000r\000d\000e\000r\000i\000n\000g}{section.3.3}% 42
\BOOKMARK [2][-]{subsection.3.3.3}{\376\377\000M\000a\000n\000u\000a\000l\000-\000R\000e\000f\000a\000c\000t\000o\000r}{section.3.3}% 43
\BOOKMARK [2][-]{subsection.3.3.4}{\376\377\000R\000e\000w\000o\000r\000k}{section.3.3}% 44
\BOOKMARK [2][-]{subsection.3.3.5}{\376\377\000H\000y\000g\000i\000e\000n\000e}{section.3.3}% 45
\BOOKMARK [2][-]{subsection.3.3.6}{\376\377\000V\000a\000l\000i\000d\000a\000t\000o\000r\000\040\000a\000n\000d\000\040\000b\000e\000h\000a\000v\000i\000o\000u\000r\000\040\000p\000r\000e\000s\000e\000r\000v\000a\000t\000i\000o\000n}{section.3.3}% 46
\BOOKMARK [1][-]{section.3.4}{\376\377\000S\000y\000s\000t\000e\000m\000\040\000a\000r\000c\000h\000i\000t\000e\000c\000t\000u\000r\000e\000\040\000a\000n\000d\000\040\000p\000i\000p\000e\000l\000i\000n\000e\000\040\000p\000h\000a\000s\000e\000s}{chapter.3}% 47
\BOOKMARK [2][-]{subsection.3.4.1}{\376\377\000A\000r\000c\000h\000i\000t\000e\000c\000t\000u\000r\000e\000\040\000a\000t\000\040\000a\000\040\000g\000l\000a\000n\000c\000e}{section.3.4}% 48
\BOOKMARK [2][-]{subsection.3.4.2}{\376\377\000P\000h\000a\000s\000e\000\040\000A\000\040\000/\000\040\000P\000h\000a\000s\000e\000\040\000B\000\040\000s\000p\000l\000i\000t}{section.3.4}% 49
\BOOKMARK [1][-]{section.3.5}{\376\377\000D\000a\000s\000h\000b\000o\000a\000r\000d}{chapter.3}% 50
\BOOKMARK [1][-]{section.3.6}{\376\377\000S\000c\000o\000r\000e\000-\000f\000o\000r\000m\000u\000l\000a\000\040\000e\000v\000a\000l\000u\000a\000t\000i\000o\000n\000\040\000d\000e\000s\000i\000g\000n}{chapter.3}% 51
\BOOKMARK [2][-]{subsection.3.6.1}{\376\377\000S\000e\000n\000s\000i\000t\000i\000v\000i\000t\000y\000\040\000p\000e\000r\000t\000u\000r\000b\000a\000t\000i\000o\000n\000s}{section.3.6}% 52
\BOOKMARK [2][-]{subsection.3.6.2}{\376\377\000A\000b\000l\000a\000t\000i\000o\000n\000\040\000d\000e\000s\000i\000g\000n}{section.3.6}% 53
\BOOKMARK [1][-]{section.3.7}{\376\377\000E\000v\000a\000l\000u\000a\000t\000i\000o\000n\000\040\000d\000a\000t\000a\000s\000e\000t\000\040\000a\000n\000d\000\040\000l\000a\000b\000e\000l\000l\000i\000n\000g\000\040\000p\000r\000o\000t\000o\000c\000o\000l}{chapter.3}% 54
\BOOKMARK [2][-]{subsection.3.7.1}{\376\377\000T\000h\000e\000\040\0004\0005\000-\000s\000e\000s\000s\000i\000o\000n\000\040\000i\000n\000j\000e\000c\000t\000i\000o\000n\000\040\000s\000e\000t}{section.3.7}% 55
\BOOKMARK [2][-]{subsection.3.7.2}{\376\377\000T\000w\000o\000\040\000l\000a\000b\000e\000l\000\040\000s\000t\000r\000e\000a\000m\000s}{section.3.7}% 56
\BOOKMARK [2][-]{subsection.3.7.3}{\376\377\000R\000a\000t\000e\000r\000\040\000p\000r\000o\000t\000o\000c\000o\000l}{section.3.7}% 57
\BOOKMARK [2][-]{subsection.3.7.4}{\376\377\000C\000o\000h\000e\000n\000'\000s\000\040\000\040\000c\000o\000m\000p\000u\000t\000a\000t\000i\000o\000n}{section.3.7}% 58
\BOOKMARK [2][-]{subsection.3.7.5}{\376\377\000T\000r\000e\000a\000t\000m\000e\000n\000t\000\040\000o\000f\000\040\000d\000i\000s\000a\000g\000r\000e\000e\000m\000e\000n\000t\000s}{section.3.7}% 59
\BOOKMARK [2][-]{subsection.3.7.6}{\376\377\000D\000i\000v\000e\000r\000g\000e\000n\000c\000e\000-\000d\000e\000t\000e\000c\000t\000o\000r\000\040\000e\000v\000a\000l\000u\000a\000t\000i\000o\000n\000\040\000p\000r\000o\000t\000o\000c\000o\000l}{section.3.7}% 60
\BOOKMARK [0][-]{chapter.4}{\376\377\000E\000x\000p\000e\000r\000i\000m\000e\000n\000t\000a\000t\000i\000o\000n\000\040\000a\000n\000d\000\040\000E\000v\000a\000l\000u\000a\000t\000i\000o\000n}{}% 61
\BOOKMARK [1][-]{section.4.1}{\376\377\000T\000e\000s\000t\000i\000n\000g\000\040\000t\000h\000e\000\040\000s\000c\000o\000r\000e\000\040\000f\000o\000r\000m\000u\000l\000a}{chapter.4}% 62
\BOOKMARK [2][-]{subsection.4.1.1}{\376\377\000S\000e\000n\000s\000i\000t\000i\000v\000i\000t\000y\000\040\000s\000w\000e\000e\000p}{section.4.1}% 63
\BOOKMARK [2][-]{subsection.4.1.2}{\376\377\000A\000b\000l\000a\000t\000i\000o\000n\000\040\000s\000w\000e\000e\000p}{section.4.1}% 64
\BOOKMARK [1][-]{section.4.2}{\376\377\000T\000e\000s\000t\000i\000n\000g\000\040\000t\000h\000e\000\040\000d\000i\000v\000e\000r\000g\000e\000n\000c\000e\000-\000p\000o\000i\000n\000t\000\040\000d\000e\000t\000e\000c\000t\000o\000r}{chapter.4}% 65
\BOOKMARK [2][-]{subsection.4.2.1}{\376\377\000I\000n\000t\000e\000r\000-\000r\000a\000t\000e\000r\000\040\000r\000e\000l\000i\000a\000b\000i\000l\000i\000t\000y}{section.4.2}% 66
\BOOKMARK [2][-]{subsection.4.2.2}{\376\377\000D\000i\000v\000e\000r\000g\000e\000n\000c\000e\000\040\000e\000x\000p\000e\000r\000i\000m\000e\000n\000t}{section.4.2}% 67
\BOOKMARK [2][-]{subsection.4.2.3}{\376\377\000K\000n\000o\000w\000n\000\040\000l\000i\000m\000i\000t\000a\000t\000i\000o\000n\000:\000\040\000o\000r\000d\000e\000r\000i\000n\000g\000\040\000r\000e\000c\000a\000l\000l}{section.4.2}% 68
\BOOKMARK [1][-]{section.4.3}{\376\377\000U\000s\000e\000r\000\040\000a\000n\000d\000\040\000a\000g\000e\000n\000t\000\040\000s\000t\000u\000d\000i\000e\000s}{chapter.4}% 69
\BOOKMARK [2][-]{subsection.4.3.1}{\376\377\000U\000s\000e\000r\000\040\000s\000t\000u\000d\000y}{section.4.3}% 70
\BOOKMARK [2][-]{subsection.4.3.2}{\376\377\000A\000g\000e\000n\000t\000\040\000e\000x\000t\000e\000n\000s\000i\000o\000n\000\040\000e\000x\000p\000e\000r\000i\000m\000e\000n\000t}{section.4.3}% 71
\BOOKMARK [0][-]{chapter.5}{\376\377\000T\000h\000r\000e\000a\000t\000s\000\040\000t\000o\000\040\000v\000a\000l\000i\000d\000i\000t\000y}{}% 72
\BOOKMARK [1][-]{section.5.1}{\376\377\000C\000o\000n\000s\000t\000r\000u\000c\000t\000\040\000v\000a\000l\000i\000d\000i\000t\000y}{chapter.5}% 73
\BOOKMARK [1][-]{section.5.2}{\376\377\000I\000n\000t\000e\000r\000n\000a\000l\000\040\000v\000a\000l\000i\000d\000i\000t\000y}{chapter.5}% 74
\BOOKMARK [1][-]{section.5.3}{\376\377\000E\000x\000t\000e\000r\000n\000a\000l\000\040\000v\000a\000l\000i\000d\000i\000t\000y}{chapter.5}% 75
\BOOKMARK [1][-]{section.5.4}{\376\377\000S\000t\000a\000t\000i\000s\000t\000i\000c\000a\000l\000\040\000c\000o\000n\000c\000l\000u\000s\000i\000o\000n\000\040\000v\000a\000l\000i\000d\000i\000t\000y}{chapter.5}% 76
\BOOKMARK [1][-]{section.5.5}{\376\377\000P\000e\000r\000-\000e\000x\000p\000e\000r\000i\000m\000e\000n\000t\000\040\000t\000h\000r\000e\000a\000t\000s}{chapter.5}% 77
\BOOKMARK [1][-]{section.5.6}{\376\377\000I\000m\000p\000l\000e\000m\000e\000n\000t\000a\000t\000i\000o\000n\000\040\000t\000h\000r\000e\000a\000t\000s}{chapter.5}% 78
\BOOKMARK [1][-]{section.5.7}{\376\377\000O\000u\000t\000\040\000o\000f\000\040\000s\000c\000o\000p\000e}{chapter.5}% 79
\BOOKMARK [0][-]{chapter.6}{\376\377\000D\000i\000s\000c\000u\000s\000s\000i\000o\000n\000\040\000a\000n\000d\000\040\000C\000o\000n\000c\000l\000u\000s\000i\000o\000n\000s}{}% 80
\BOOKMARK [1][-]{section.6.1}{\376\377\000S\000u\000m\000m\000a\000r\000y\000\040\000o\000f\000\040\000c\000o\000n\000t\000r\000i\000b\000u\000t\000i\000o\000n\000s}{chapter.6}% 81
\BOOKMARK [1][-]{section.6.2}{\376\377\000H\000e\000a\000d\000l\000i\000n\000e\000\040\000f\000i\000n\000d\000i\000n\000g\000s}{chapter.6}% 82
\BOOKMARK [1][-]{section.6.3}{\376\377\000D\000i\000s\000c\000u\000s\000s\000i\000o\000n}{chapter.6}% 83
\BOOKMARK [1][-]{section.6.4}{\376\377\000F\000u\000t\000u\000r\000e\000\040\000w\000o\000r\000k}{chapter.6}% 84
\BOOKMARK [1][-]{section.6.5}{\376\377\000C\000l\000o\000s\000i\000n\000g}{chapter.6}% 85
\BOOKMARK [0][-]{chapter.7}{\376\377\000D\000e\000c\000l\000a\000r\000a\000t\000i\000o\000n\000s}{}% 86
\BOOKMARK [1][-]{section.7.1}{\376\377\000U\000s\000e\000\040\000o\000f\000\040\000G\000e\000n\000e\000r\000a\000t\000i\000v\000e\000\040\000A\000I}{chapter.7}% 87
\BOOKMARK [1][-]{section.7.2}{\376\377\000E\000t\000h\000i\000c\000a\000l\000\040\000C\000o\000n\000s\000i\000d\000e\000r\000a\000t\000i\000o\000n\000s}{chapter.7}% 88
\BOOKMARK [1][-]{section.7.3}{\376\377\000S\000u\000s\000t\000a\000i\000n\000a\000b\000i\000l\000i\000t\000y}{chapter.7}% 89
\BOOKMARK [1][-]{section.7.4}{\376\377\000A\000v\000a\000i\000l\000a\000b\000i\000l\000i\000t\000y\000\040\000o\000f\000\040\000D\000a\000t\000a\000\040\000a\000n\000d\000\040\000M\000a\000t\000e\000r\000i\000a\000l\000s}{chapter.7}% 90
\BOOKMARK [0][-]{appendix.A}{\376\377\000A\000p\000p\000e\000n\000d\000i\000x}{}% 91
